<?xml version="1.0" encoding="UTF-8"?>
<!-- Generated by org.testng.reporters.JUnitXMLReporter -->
<testsuite ignored="2" hostname="MacBook-Air-de-Luis.local" failures="0" tests="1" name="Parameter Test two" time="0.01" errors="0" timestamp="2020-10-08T23:48:22 PET">
  <testcase classname="pe.edu.galaxy.parameters.ParametersTest" name="ParametersTestTwo" time="0.002"/>
  <testcase classname="pe.edu.galaxy.parameters.ParametersTest" name="ParametersTestThree" time="0.0">
    <ignored/>
  </testcase> <!-- ParametersTestThree -->
  <testcase classname="pe.edu.galaxy.parameters.ParametersTest" name="ParametersTestOne" time="0.0">
    <ignored/>
  </testcase> <!-- ParametersTestOne -->
</testsuite> <!-- Parameter Test two -->
