<?xml version="1.0" encoding="UTF-8"?>
<!-- Generated by org.testng.reporters.JUnitXMLReporter -->
<testsuite ignored="2" hostname="MacBook-Air-de-Luis.local" failures="0" tests="1" name="Parameter Test three" time="0.069" errors="0" timestamp="2020-10-09T22:08:26 PET">
  <testcase classname="pe.edu.galaxy.parameters.ParametersTest" name="ParametersTestThree" time="0.068"/>
  <testcase classname="pe.edu.galaxy.parameters.ParametersTest" name="ParametersTestTwo" time="0.0">
    <ignored/>
  </testcase> <!-- ParametersTestTwo -->
  <testcase classname="pe.edu.galaxy.parameters.ParametersTest" name="ParametersTestOne" time="0.0">
    <ignored/>
  </testcase> <!-- ParametersTestOne -->
</testsuite> <!-- Parameter Test three -->
