<?xml version="1.0" encoding="UTF-8"?>
<testsuite xmlns:xsi="http://www.w3.org/2001/XMLSchema-instance" xsi:noNamespaceSchemaLocation="https://maven.apache.org/surefire/maven-surefire-plugin/xsd/surefire-test-report-3.0.xsd" version="3.0" name="TestSuite" time="37.688" tests="7" errors="0" skipped="0" failures="0">
  <properties>
[...]
</properties>
  <testcase name="google" classname="pe.edu.galaxy.MultiBrowser" time="1.404">
    <system-out><![CDATA[This test is running with browser: chrome
This test is running with browser: firefox
This test is running with browser: opera
Thread Id: 15
Thread Id: 16
Thread Id: 14
]]></system-out>
    <system-err><![CDATA[160229S9t2a8r1t9ing ChromeDriver 8556.	0.g4ec1k8o3d.r8i7 ve(rc	dI6NF71O3	eLibsft92efnain1gca cocn0 1f127a.509.8d0.f128:90009632a
f0c5d7-refs/branch-heads/4183@{#1689}) on port 40437
Only local connections are allowed.
Please see https://chromedriver.chromium.org/security-considerations for suggestions on keeping ChromeDriver safe.
Starting OperaDriver 85.0.4183.102 (ffe848af6a5df4fa127e2929331116b7f9f1cb30-refs/branch-heads/4183@{#1770}) on port 25284
Only local connections are allowed.
Please see https://chromedriver.chromium.org/security-considerations for suggestions on keeping OperaDriver safe.
ChromeDriver was started successfully.
OperaDriver was started successfully.
1602299282693	mozrunner::runner	INFO	Running command: "/Applications/Firefox.app/Contents/MacOS/firefox-bin" "--marionette" "-foreground" "-no-remote" "-profile" "/var/folders/24/_qgc86tj2gz95z0lbd787wph0000gn/T/rust_mozprofilekJLAua"
oct. 09, 2020 10:08:09 P. M. org.openqa.selenium.remote.ProtocolHandshake createSession
INFO: Detected dialect: W3C
console.error: SearchCache: "_readCacheFile: Error reading cache file:" (new Error("", "(unknown module)"))
oct. 09, 2020 10:08:14 P. M. org.openqa.selenium.remote.ProtocolHandshake createSession
INFO: Detected dialect: OSS
1602299297577	Marionette	INFO	Listening on port 56008
1602299297630	Marionette	WARN	TLS certificate errors will be ignored for this session
oct. 09, 2020 10:08:17 P. M. org.openqa.selenium.remote.ProtocolHandshake createSession
INFO: Detected dialect: W3C
]]></system-err>
  </testcase>
  <testcase name="google" classname="pe.edu.galaxy.MultiBrowser" time="5.899"/>
  <testcase name="google" classname="pe.edu.galaxy.MultiBrowser" time="7.96"/>
  <testcase name="ParametersTestOne[suite level parameter](1)" classname="pe.edu.galaxy.parameters.ParametersTest" time="0.002">
    <system-out><![CDATA[Test one suite param is: suite level parameter
]]></system-out>
    <system-err><![CDATA[1602299305783	Marionette	INFO	Stopped listening on port 56008
]]></system-err>
  </testcase>
  <testcase name="ParametersTestTwo[Test two parameter](1)" classname="pe.edu.galaxy.parameters.ParametersTest" time="0">
    <system-out><![CDATA[Test two param is: Test two parameter
]]></system-out>
  </testcase>
  <testcase name="ParametersTestThree[overiding suite parameter, test three parameter](1)" classname="pe.edu.galaxy.parameters.ParametersTest" time="0.001">
    <system-out><![CDATA[Test three suite param is: overiding suite parameter
Test three param is: test three parameter
]]></system-out>
  </testcase>
  <testcase name="google_search" classname="pe.edu.galaxy.parameters.ParametersWithOutTestNGXML" time="0.354">
    <system-out><![CDATA[Welcome -> Luis Ruiz Your search key is -> conoce.pe
Thread will sleep now
Value in Google Search Box = conoce.pe ::: Value given by input = conoce.pe
]]></system-out>
    <system-err><![CDATA[Starting ChromeDriver 85.0.4183.87 (cd6713ebf92fa1cacc0f1a598df280093af0c5d7-refs/branch-heads/4183@{#1689}) on port 47293
Only local connections are allowed.
Please see https://chromedriver.chromium.org/security-considerations for suggestions on keeping ChromeDriver safe.
ChromeDriver was started successfully.
oct. 09, 2020 10:08:30 P. M. org.openqa.selenium.remote.ProtocolHandshake createSession
INFO: Detected dialect: W3C
]]></system-err>
  </testcase>
</testsuite>