<?xml version="1.0" encoding="UTF-8"?>
<testng-results ignored="0" total="1" passed="1" failed="0" skipped="0">
  <reporter-output>
  </reporter-output>
  <suite started-at="2020-10-09T00:24:18 PET" name="Default suite" finished-at="2020-10-09T00:24:33 PET" duration-ms="14925">
    <groups>
    </groups>
    <test started-at="2020-10-09T00:24:18 PET" name="Default test" finished-at="2020-10-09T00:24:33 PET" duration-ms="14925">
      <class name="pe.edu.galaxy.parameters.ParametersWithTestNGXML">
        <test-method is-config="true" signature="setup()[pri:0, instance:pe.edu.galaxy.parameters.ParametersWithTestNGXML@436a4e4b]" started-at="2020-10-09T00:24:18 PET" name="setup" finished-at="2020-10-09T00:24:29 PET" duration-ms="11155" status="PASS">
          <reporter-output>
          </reporter-output>
        </test-method> <!-- setup -->
        <test-method signature="test_google(java.lang.String, java.lang.String)[pri:0, instance:pe.edu.galaxy.parameters.ParametersWithTestNGXML@436a4e4b]" started-at="2020-10-09T00:24:30 PET" name="test_google" finished-at="2020-10-09T00:24:30 PET" duration-ms="413" status="PASS">
          <params>
            <param index="0">
              <value>
                <![CDATA[Optional Autor]]>
              </value>
            </param>
            <param index="1">
              <value>
                <![CDATA[Option searchKey]]>
              </value>
            </param>
          </params>
          <reporter-output>
          </reporter-output>
        </test-method> <!-- test_google -->
        <test-method is-config="true" signature="tearDown()[pri:0, instance:pe.edu.galaxy.parameters.ParametersWithTestNGXML@436a4e4b]" started-at="2020-10-09T00:24:30 PET" name="tearDown" finished-at="2020-10-09T00:24:33 PET" duration-ms="3237" status="PASS">
          <reporter-output>
          </reporter-output>
        </test-method> <!-- tearDown -->
      </class> <!-- pe.edu.galaxy.parameters.ParametersWithTestNGXML -->
    </test> <!-- Default test -->
  </suite> <!-- Default suite -->
</testng-results>
